{
  "RSpec": {
    "coverage": {
      "/Volumes/Transcend/MAKERS/week_4/bookmark_day_2/spec/bookmarks_spec.rb": [
        1,
        1,
        1,
        null,
        null,
        1,
        1,
        1,
        null,
        null,
        1,
        1,
        1,
        null,
        1,
        null,
        1,
        1,
        1,
        1,
        1,
        null,
        null,
        1,
        1,
        1,
        1,
        null,
        null,
        null,
        1,
        1,
        1,
        1,
        null,
        1,
        null,
        1,
        1,
        1,
        1,
        null,
        null,
        1,
        1,
        1,
        null,
        1,
        null,
        1,
        null,
        null,
        null,
        1,
        1,
        1,
        null,
        1,
        1,
        1,
        1,
        null,
        null,
        1,
        1,
        1,
        null,
        1,
        null,
        1,
        1,
        1,
        1,
        null,
        null,
        null,
        null,
        1,
        2,
        1,
        1,
        1,
        null,
        1,
        null,
        null,
        null,
        null,
        null,
        null
      ],
      "/Volumes/Transcend/MAKERS/week_4/bookmark_day_2/spec/database_helper.rb": [
        1,
        1,
        null,
        1,
        3,
        null
      ],
      "/Volumes/Transcend/MAKERS/week_4/bookmark_day_2/lib/comment.rb": [
        1,
        1,
        5,
        5,
        null,
        null,
        null,
        null,
        null,
        null,
        1,
        null,
        1,
        8,
        8,
        8,
        null,
        null,
        1,
        9,
        9,
        3,
        null,
        null,
        null,
        null,
        null,
        null,
        null
      ],
      "/Volumes/Transcend/MAKERS/week_4/bookmark_day_2/spec/comment_spec.rb": [
        1,
        null,
        1,
        1,
        null,
        1,
        1,
        1,
        1,
        1,
        null,
        1,
        null,
        1,
        1,
        1,
        1,
        null,
        null,
        1,
        1,
        1,
        1,
        1,
        null,
        1,
        1,
        1,
        null,
        1,
        1,
        1,
        1,
        null,
        null,
        null,
        null
      ],
      "/Volumes/Transcend/MAKERS/week_4/bookmark_day_2/spec/database_connection_spec.rb": [
        1,
        null,
        1,
        1,
        1,
        1,
        null,
        1,
        null,
        null,
        null,
        null,
        1,
        1,
        1,
        null,
        1,
        null,
        1,
        null,
        null,
        null,
        null,
        null,
        null
      ],
      "/Volumes/Transcend/MAKERS/week_4/bookmark_day_2/spec/features/adding_and_viewing_comments_spec.rb": [
        1,
        1,
        1,
        1,
        null,
        1,
        1,
        null,
        1,
        null,
        1,
        1,
        null,
        1,
        1,
        null,
        null,
        null
      ],
      "/Volumes/Transcend/MAKERS/week_4/bookmark_day_2/spec/features/adding_bookmarks_spec.rb": [
        null,
        1,
        null,
        1,
        null,
        1,
        1,
        1,
        1,
        1,
        1,
        null,
        null,
        1,
        1,
        1,
        1,
        null,
        1,
        1,
        null,
        null
      ],
      "/Volumes/Transcend/MAKERS/week_4/bookmark_day_2/spec/features/updating_a_bookmark_spec.rb": [
        1,
        1,
        1,
        1,
        1,
        null,
        1,
        1,
        null,
        1,
        1,
        1,
        null,
        1,
        1,
        1,
        null,
        null
      ],
      "/Volumes/Transcend/MAKERS/week_4/bookmark_day_2/spec/features/viewing_bookmarks_spec.rb": [
        null,
        1,
        1,
        1,
        1,
        null,
        1,
        1,
        1,
        1,
        null,
        1,
        null,
        1,
        1,
        1,
        null,
        null,
        null
      ]
    },
    "timestamp": 1565870560
  }
}
