{
  "RSpec": {
    "coverage": {
      "/Volumes/Transcend/MAKERS/week_4/bookmark_day_2/spec/bookmarks_spec.rb": [
        1,
        1,
        null,
        1,
        1,
        1,
        null,
        null,
        1,
        1,
        1,
        null,
        1,
        null,
        1,
        1,
        1,
        1,
        1,
        null,
        null,
        1,
        1,
        1,
        1,
        null,
        null,
        1,
        1,
        1,
        null,
        1,
        1,
        1,
        null,
        null,
        1,
        1,
        1,
        null,
        1,
        null,
        1,
        null,
        null,
        null,
        1,
        1,
        1,
        null,
        1,
        1,
        1,
        1,
        null,
        null,
        1,
        1,
        1,
        null,
        1,
        null,
        1,
        1,
        1,
        1,
        null,
        null,
        null,
        null
      ],
      "/Volumes/Transcend/MAKERS/week_4/bookmark_day_2/spec/database_helper.rb": [
        1,
        null,
        1,
        1,
        1,
        1,
        null
      ],
      "/Volumes/Transcend/MAKERS/week_4/bookmark_day_2/spec/database_connection_spec.rb": [
        1,
        null,
        1,
        1,
        1,
        1,
        null,
        1,
        null,
        null,
        null,
        null,
        1,
        1,
        1,
        null,
        1,
        null,
        1,
        null,
        null,
        null,
        null,
        null,
        null
      ],
      "/Volumes/Transcend/MAKERS/week_4/bookmark_day_2/spec/features/adding_bookmarks_spec.rb": [
        null,
        1,
        null,
        1,
        null,
        1,
        1,
        1,
        1,
        1,
        1,
        null,
        null,
        1,
        1,
        1,
        1,
        null,
        1,
        1,
        null,
        null
      ],
      "/Volumes/Transcend/MAKERS/week_4/bookmark_day_2/spec/features/updating_a_bookmark_spec.rb": [
        1,
        1,
        1,
        1,
        1,
        null,
        1,
        1,
        null,
        1,
        1,
        1,
        null,
        1,
        1,
        1,
        null,
        null
      ],
      "/Volumes/Transcend/MAKERS/week_4/bookmark_day_2/spec/features/viewing_bookmarks_spec.rb": [
        null,
        1,
        1,
        1,
        1,
        null,
        1,
        1,
        1,
        1,
        null,
        1,
        null,
        1,
        1,
        1,
        null,
        null,
        null
      ]
    },
    "timestamp": 1565864147
  }
}
